<?xml version="1.0" encoding="UTF-8"?>
<!-- Generated by org.testng.reporters.JUnitReportReporter -->
<testsuite skipped="0" hostname="192-168-1-114.tpgi.com.au" name="com.inetbanking.testCases.TC_LoginTest_001" tests="1" failures="0" timestamp="10 Mar 2021 23:26:14 GMT" time="2.020" errors="0">
  <testcase name="loginTest" time="2.020" classname="com.inetbanking.testCases.TC_LoginTest_001"/>
</testsuite> <!-- com.inetbanking.testCases.TC_LoginTest_001 -->
