<?xml version="1.0" encoding="UTF-8"?>
<!-- Generated by org.testng.reporters.JUnitReportReporter -->
<testsuite skipped="0" hostname="192-168-1-114.tpgi.com.au" name="test.reports" tests="1" failures="0" timestamp="09 Mar 2021 01:54:52 GMT" time="0.719" errors="0">
  <testcase name="extentTest" time="0.719" classname="test.reports"/>
</testsuite> <!-- test.reports -->
